<?xml version="1.0" encoding="UTF-8"?>
<testng-results skipped="2" failed="1" total="4" passed="1">
  <reporter-output>
  </reporter-output>
  <suite name="Default suite" duration-ms="55530" started-at="2017-12-28T08:23:26Z" finished-at="2017-12-28T08:24:21Z">
    <groups>
    </groups>
    <test name="Default test" duration-ms="55530" started-at="2017-12-28T08:23:26Z" finished-at="2017-12-28T08:24:21Z">
      <class name="iqidaoTest.testCase.adminTestCase">
        <test-method status="PASS" signature="beforeTest()[pri:0, instance:iqidaoTest.testCase.adminTestCase@28864e92]" name="beforeTest" is-config="true" duration-ms="3762" started-at="2017-12-28T16:23:26Z" finished-at="2017-12-28T16:23:30Z">
          <reporter-output>
          </reporter-output>
        </test-method> <!-- beforeTest -->
        <test-method status="PASS" signature="adminLogin()[pri:0, instance:iqidaoTest.testCase.adminTestCase@28864e92]" name="adminLogin" duration-ms="7100" started-at="2017-12-28T16:23:30Z" finished-at="2017-12-28T16:23:37Z">
          <reporter-output>
          </reporter-output>
        </test-method> <!-- adminLogin -->
        <test-method status="FAIL" signature="createSeasonAndCourse()[pri:0, instance:iqidaoTest.testCase.adminTestCase@28864e92]" name="createSeasonAndCourse" duration-ms="43372" started-at="2017-12-28T16:23:37Z" depends-on-methods="iqidaoTest.testCase.adminTestCase.adminLogin" finished-at="2017-12-28T16:24:20Z">
          <exception class="org.openqa.selenium.WebDriverException">
            <message>
              <![CDATA[unknown error: Element is not clickable at point (1644, 17). Other element would receive the click: <nav class="navbar navbar-static-top" role="navigation">...</nav>
  (Session info: chrome=50.0.2661.94)
  (Driver info: chromedriver=2.9.248315,platform=Windows NT 6.1 SP1 x86_64) (WARNING: The server did not provide any stacktrace information)
Command duration or timeout: 31 milliseconds
Build info: version: '2.53.0', revision: '35ae25b1534ae328c771e0856c93e187490ca824', time: '2016-03-15 10:43:46'
System info: host: 'zhaolu-PC', ip: '192.168.0.181', os.name: 'Windows 7', os.arch: 'amd64', os.version: '6.1', java.version: '1.8.0_144'
Driver info: org.openqa.selenium.chrome.ChromeDriver
Capabilities [{applicationCacheEnabled=false, rotatable=false, chrome={userDataDir=C:\Users\zhaolu\AppData\Local\Temp\scoped_dir10544_21163}, takesHeapSnapshot=true, databaseEnabled=false, handlesAlerts=true, version=50.0.2661.94, platform=XP, browserConnectionEnabled=false, nativeEvents=true, acceptSslCerts=true, locationContextEnabled=true, webStorageEnabled=true, browserName=chrome, takesScreenshot=true, javascriptEnabled=true, cssSelectorsEnabled=true}]
Session ID: 3795e1891fd364c2c0ff311732327796]]>
            </message>
            <full-stacktrace>
              <![CDATA[org.openqa.selenium.WebDriverException: unknown error: Element is not clickable at point (1644, 17). Other element would receive the click: <nav class="navbar navbar-static-top" role="navigation">...</nav>
  (Session info: chrome=50.0.2661.94)
  (Driver info: chromedriver=2.9.248315,platform=Windows NT 6.1 SP1 x86_64) (WARNING: The server did not provide any stacktrace information)
Command duration or timeout: 31 milliseconds
Build info: version: '2.53.0', revision: '35ae25b1534ae328c771e0856c93e187490ca824', time: '2016-03-15 10:43:46'
System info: host: 'zhaolu-PC', ip: '192.168.0.181', os.name: 'Windows 7', os.arch: 'amd64', os.version: '6.1', java.version: '1.8.0_144'
Driver info: org.openqa.selenium.chrome.ChromeDriver
Capabilities [{applicationCacheEnabled=false, rotatable=false, chrome={userDataDir=C:\Users\zhaolu\AppData\Local\Temp\scoped_dir10544_21163}, takesHeapSnapshot=true, databaseEnabled=false, handlesAlerts=true, version=50.0.2661.94, platform=XP, browserConnectionEnabled=false, nativeEvents=true, acceptSslCerts=true, locationContextEnabled=true, webStorageEnabled=true, browserName=chrome, takesScreenshot=true, javascriptEnabled=true, cssSelectorsEnabled=true}]
Session ID: 3795e1891fd364c2c0ff311732327796
	at sun.reflect.NativeConstructorAccessorImpl.newInstance0(Native Method)
	at sun.reflect.NativeConstructorAccessorImpl.newInstance(NativeConstructorAccessorImpl.java:62)
	at sun.reflect.DelegatingConstructorAccessorImpl.newInstance(DelegatingConstructorAccessorImpl.java:45)
	at java.lang.reflect.Constructor.newInstance(Constructor.java:423)
	at org.openqa.selenium.remote.ErrorHandler.createThrowable(ErrorHandler.java:206)
	at org.openqa.selenium.remote.ErrorHandler.throwIfResponseFailed(ErrorHandler.java:158)
	at org.openqa.selenium.remote.RemoteWebDriver.execute(RemoteWebDriver.java:678)
	at org.openqa.selenium.remote.RemoteWebElement.execute(RemoteWebElement.java:327)
	at org.openqa.selenium.remote.RemoteWebElement.click(RemoteWebElement.java:85)
	at iqidaoTest.adminPageObject.CreateSeasonPage.addCourseItem(CreateSeasonPage.java:141)
	at iqidaoTest.testCase.adminTestCase.createSeasonAndCourse(adminTestCase.java:109)
	at sun.reflect.NativeMethodAccessorImpl.invoke0(Native Method)
	at sun.reflect.NativeMethodAccessorImpl.invoke(NativeMethodAccessorImpl.java:62)
	at sun.reflect.DelegatingMethodAccessorImpl.invoke(DelegatingMethodAccessorImpl.java:43)
	at java.lang.reflect.Method.invoke(Method.java:498)
	at org.testng.internal.MethodInvocationHelper.invokeMethod(MethodInvocationHelper.java:84)
	at org.testng.internal.Invoker.invokeMethod(Invoker.java:714)
	at org.testng.internal.Invoker.invokeTestMethod(Invoker.java:901)
	at org.testng.internal.Invoker.invokeTestMethods(Invoker.java:1231)
	at org.testng.internal.TestMethodWorker.invokeTestMethods(TestMethodWorker.java:127)
	at org.testng.internal.TestMethodWorker.run(TestMethodWorker.java:111)
	at org.testng.TestRunner.privateRun(TestRunner.java:767)
	at org.testng.TestRunner.run(TestRunner.java:617)
	at org.testng.SuiteRunner.runTest(SuiteRunner.java:335)
	at org.testng.SuiteRunner.runSequentially(SuiteRunner.java:330)
	at org.testng.SuiteRunner.privateRun(SuiteRunner.java:291)
	at org.testng.SuiteRunner.run(SuiteRunner.java:240)
	at org.testng.SuiteRunnerWorker.runSuite(SuiteRunnerWorker.java:52)
	at org.testng.SuiteRunnerWorker.run(SuiteRunnerWorker.java:86)
	at org.testng.TestNG.runSuitesSequentially(TestNG.java:1224)
	at org.testng.TestNG.runSuitesLocally(TestNG.java:1149)
	at org.testng.TestNG.run(TestNG.java:1057)
	at org.testng.remote.RemoteTestNG.run(RemoteTestNG.java:111)
	at org.testng.remote.RemoteTestNG.initAndRun(RemoteTestNG.java:204)
	at org.testng.remote.RemoteTestNG.main(RemoteTestNG.java:175)
]]>
            </full-stacktrace>
          </exception> <!-- org.openqa.selenium.WebDriverException -->
          <reporter-output>
          </reporter-output>
        </test-method> <!-- createSeasonAndCourse -->
        <test-method status="SKIP" signature="addActivityUser()[pri:0, instance:iqidaoTest.testCase.adminTestCase@28864e92]" name="addActivityUser" duration-ms="0" started-at="2017-12-28T16:24:20Z" depends-on-methods="iqidaoTest.testCase.adminTestCase.createSeasonAndCourse" finished-at="2017-12-28T16:24:20Z">
          <reporter-output>
          </reporter-output>
        </test-method> <!-- addActivityUser -->
        <test-method status="SKIP" signature="deleteActivityUser()[pri:0, instance:iqidaoTest.testCase.adminTestCase@28864e92]" name="deleteActivityUser" duration-ms="1" started-at="2017-12-28T16:24:20Z" depends-on-methods="iqidaoTest.testCase.adminTestCase.addActivityUser" finished-at="2017-12-28T16:24:20Z">
          <reporter-output>
          </reporter-output>
        </test-method> <!-- deleteActivityUser -->
        <test-method status="PASS" signature="afterTest()[pri:0, instance:iqidaoTest.testCase.adminTestCase@28864e92]" name="afterTest" is-config="true" duration-ms="1268" started-at="2017-12-28T16:24:20Z" finished-at="2017-12-28T16:24:21Z">
          <reporter-output>
          </reporter-output>
        </test-method> <!-- afterTest -->
      </class> <!-- iqidaoTest.testCase.adminTestCase -->
    </test> <!-- Default test -->
  </suite> <!-- Default suite -->
</testng-results>
