<?xml version="1.0" encoding="UTF-8"?>
<!-- Generated by org.testng.reporters.JUnitXMLReporter -->
<testsuite hostname="zhaolu-PC" name="quizmenu" tests="4" failures="0" timestamp="16 Mar 2018 08:32:07 GMT" time="250.465" errors="0">
  <testcase name="QuizClassAdd" time="7.186" classname="iqidaoTest.testCase.QuizTC"/>
  <testcase name="QuizAdd" time="58.365" classname="iqidaoTest.testCase.QuizTC"/>
  <testcase name="QuizMod" time="28.216" classname="iqidaoTest.testCase.QuizTC"/>
  <testcase name="QuizDel" time="25.232" classname="iqidaoTest.testCase.QuizTC"/>
</testsuite> <!-- quizmenu -->
