<?xml version="1.0" encoding="UTF-8"?>
<testsuite name="acitivity"
           tests="2"
           failures="0"
           errors="0"
           skipped="2"
           time="0.001">
  <properties />
  
            <testcase name="deleteActivityUser" time="0.0" classname="iqidaoTest.testCase.ActivityUserTC">
          <skipped />
    </testcase>
            <testcase name="addActivityUser" time="0.0" classname="iqidaoTest.testCase.ActivityUserTC">
          <skipped />
    </testcase>
  
  
</testsuite>
